[2024-08-19 17:40:25,371][httpx][INFO] - HTTP Request: GET http://127.0.0.1:7860/startup-events "HTTP/1.1 200 OK"
[2024-08-19 17:40:25,406][httpx][INFO] - HTTP Request: HEAD http://127.0.0.1:7860/ "HTTP/1.1 200 OK"
[2024-08-19 17:40:25,575][httpx][INFO] - HTTP Request: GET https://checkip.amazonaws.com/ "HTTP/1.1 200 "
[2024-08-19 17:40:25,759][httpx][INFO] - HTTP Request: GET https://checkip.amazonaws.com/ "HTTP/1.1 200 "
[2024-08-19 17:40:25,998][httpx][INFO] - HTTP Request: GET https://api.gradio.app/pkg-version "HTTP/1.1 200 OK"
[2024-08-19 17:40:26,435][httpx][INFO] - HTTP Request: POST https://api.gradio.app/gradio-initiated-analytics/ "HTTP/1.1 200 OK"
[2024-08-19 17:40:26,623][httpx][INFO] - HTTP Request: POST https://api.gradio.app/gradio-launched-telemetry/ "HTTP/1.1 200 OK"
[2024-08-19 17:41:38,608][__main__][INFO] - {'general': {'save_path': './traces_output2024-08-19 17:41:38.549077', 'model_path': '/home/hoc/disk/models/stable-diffusion-v1-5', 'unet_config': './conf/unet/config.json'}, 'inference': {'loss_scale': 30, 'batch_size': 1, 'loss_threshold': 0.2, 'max_iter': 5, 'max_index_step': 10, 'timesteps': 51, 'classifier_free_guidance': 7.5, 'rand_seed': 450, 'mask_select_step': 10, 'move_rate': 10}, 'noise_schedule': {'beta_start': 0.00085, 'beta_end': 0.012, 'beta_schedule': 'scaled_linear', 'num_train_timesteps': 1000}}
[2024-08-19 17:41:38,608][__main__][INFO] - Inference
[2024-08-19 17:41:38,608][__main__][INFO] - Prompt: a man is walking a dog.
[2024-08-19 17:41:38,608][__main__][INFO] - Phrases: man; dog
[2024-08-19 17:41:38,608][__main__][INFO] - Conver Phrases to Object Positions
[2024-08-19 17:41:56,887][__main__][INFO] - Decode Image...
[2024-08-19 17:42:34,133][__main__][INFO] - {'general': {'save_path': './traces_output2024-08-19 17:42:34.074220', 'model_path': '/home/hoc/disk/models/stable-diffusion-v1-5', 'unet_config': './conf/unet/config.json'}, 'inference': {'loss_scale': 30, 'batch_size': 1, 'loss_threshold': 0.2, 'max_iter': 5, 'max_index_step': 10, 'timesteps': 51, 'classifier_free_guidance': 7.5, 'rand_seed': 450, 'mask_select_step': 10, 'move_rate': 10}, 'noise_schedule': {'beta_start': 0.00085, 'beta_end': 0.012, 'beta_schedule': 'scaled_linear', 'num_train_timesteps': 1000}}
[2024-08-19 17:42:34,133][__main__][INFO] - Inference
[2024-08-19 17:42:34,133][__main__][INFO] - Prompt: a man is walking a dog.
[2024-08-19 17:42:34,133][__main__][INFO] - Phrases: man; dog
[2024-08-19 17:42:34,133][__main__][INFO] - Conver Phrases to Object Positions
[2024-08-19 17:42:51,322][__main__][INFO] - Decode Image...
[2024-08-19 17:43:07,521][__main__][INFO] - {'general': {'save_path': './traces_output2024-08-19 17:43:07.465589', 'model_path': '/home/hoc/disk/models/stable-diffusion-v1-5', 'unet_config': './conf/unet/config.json'}, 'inference': {'loss_scale': 30, 'batch_size': 1, 'loss_threshold': 0.2, 'max_iter': 5, 'max_index_step': 10, 'timesteps': 51, 'classifier_free_guidance': 7.5, 'rand_seed': 450, 'mask_select_step': 10, 'move_rate': 10}, 'noise_schedule': {'beta_start': 0.00085, 'beta_end': 0.012, 'beta_schedule': 'scaled_linear', 'num_train_timesteps': 1000}}
[2024-08-19 17:43:07,522][__main__][INFO] - Inference
[2024-08-19 17:43:07,522][__main__][INFO] - Prompt: a man is walking a dog.
[2024-08-19 17:43:07,522][__main__][INFO] - Phrases: man; dog
[2024-08-19 17:43:07,522][__main__][INFO] - Conver Phrases to Object Positions
[2024-08-19 17:48:02,341][__main__][INFO] - {'general': {'save_path': './traces_output2024-08-19 17:48:02.284454', 'model_path': '/home/hoc/disk/models/stable-diffusion-v1-5', 'unet_config': './conf/unet/config.json'}, 'inference': {'loss_scale': 30, 'batch_size': 1, 'loss_threshold': 0.2, 'max_iter': 5, 'max_index_step': 10, 'timesteps': 51, 'classifier_free_guidance': 7.5, 'rand_seed': 450, 'mask_select_step': 10, 'move_rate': 10}, 'noise_schedule': {'beta_start': 0.00085, 'beta_end': 0.012, 'beta_schedule': 'scaled_linear', 'num_train_timesteps': 1000}}
[2024-08-19 17:48:02,342][__main__][INFO] - Inference
[2024-08-19 17:48:02,342][__main__][INFO] - Prompt: a man is walking a dog.
[2024-08-19 17:48:02,342][__main__][INFO] - Phrases: man; dog
[2024-08-19 17:48:02,342][__main__][INFO] - Conver Phrases to Object Positions
[2024-08-19 17:49:49,729][__main__][INFO] - {'general': {'save_path': './traces_output2024-08-19 17:49:49.673889', 'model_path': '/home/hoc/disk/models/stable-diffusion-v1-5', 'unet_config': './conf/unet/config.json'}, 'inference': {'loss_scale': 30, 'batch_size': 1, 'loss_threshold': 0.2, 'max_iter': 5, 'max_index_step': 10, 'timesteps': 51, 'classifier_free_guidance': 7.5, 'rand_seed': 450, 'mask_select_step': 10, 'move_rate': 10}, 'noise_schedule': {'beta_start': 0.00085, 'beta_end': 0.012, 'beta_schedule': 'scaled_linear', 'num_train_timesteps': 1000}}
[2024-08-19 17:49:49,730][__main__][INFO] - Inference
[2024-08-19 17:49:49,730][__main__][INFO] - Prompt: a man is walking a dog.
[2024-08-19 17:49:49,730][__main__][INFO] - Phrases: man; dog
[2024-08-19 17:49:49,730][__main__][INFO] - Conver Phrases to Object Positions
[2024-08-19 17:51:08,212][__main__][INFO] - {'general': {'save_path': './traces_output2024-08-19 17:51:08.170099', 'model_path': '/home/hoc/disk/models/stable-diffusion-v1-5', 'unet_config': './conf/unet/config.json'}, 'inference': {'loss_scale': 30, 'batch_size': 1, 'loss_threshold': 0.2, 'max_iter': 5, 'max_index_step': 10, 'timesteps': 51, 'classifier_free_guidance': 7.5, 'rand_seed': 450, 'mask_select_step': 10, 'move_rate': 10}, 'noise_schedule': {'beta_start': 0.00085, 'beta_end': 0.012, 'beta_schedule': 'scaled_linear', 'num_train_timesteps': 1000}}
[2024-08-19 17:51:08,212][__main__][INFO] - Inference
[2024-08-19 17:51:08,213][__main__][INFO] - Prompt: a man is walking a dog.
[2024-08-19 17:51:08,213][__main__][INFO] - Phrases: man; dog
[2024-08-19 17:51:08,213][__main__][INFO] - Conver Phrases to Object Positions
